c:\users\dell\desktop\hw3_basecode_vs2019\x64\release\vc142.pdb
c:\users\dell\desktop\hw3_basecode_vs2019\x64\release\vec.obj
c:\users\dell\desktop\hw3_basecode_vs2019\x64\release\lsystem.obj
c:\users\dell\desktop\hw3_basecode_vs2019\x64\release\lsystem_wrap.obj
c:\users\dell\desktop\hw3_basecode_vs2019\lsystem_wrap.cpp
c:\users\dell\desktop\hw3_basecode_vs2019\bin\lsystem.py
c:\users\dell\desktop\hw3_basecode_vs2019\bin\_lsystem.pyd
c:\users\dell\desktop\hw3_basecode_vs2019\bin\_lsystem.pdb
c:\users\dell\desktop\hw3_basecode_vs2019\bin\_lsystem.lib
c:\users\dell\desktop\hw3_basecode_vs2019\bin\_lsystem.exp
c:\users\dell\desktop\hw3_basecode_vs2019\x64\release\lsystem.tlog\cl.command.1.tlog
c:\users\dell\desktop\hw3_basecode_vs2019\x64\release\lsystem.tlog\cl.read.1.tlog
c:\users\dell\desktop\hw3_basecode_vs2019\x64\release\lsystem.tlog\cl.write.1.tlog
c:\users\dell\desktop\hw3_basecode_vs2019\x64\release\lsystem.tlog\custombuild.command.1.tlog
c:\users\dell\desktop\hw3_basecode_vs2019\x64\release\lsystem.tlog\custombuild.read.1.tlog
c:\users\dell\desktop\hw3_basecode_vs2019\x64\release\lsystem.tlog\custombuild.write.1.tlog
c:\users\dell\desktop\hw3_basecode_vs2019\x64\release\lsystem.tlog\link.command.1.tlog
c:\users\dell\desktop\hw3_basecode_vs2019\x64\release\lsystem.tlog\link.read.1.tlog
c:\users\dell\desktop\hw3_basecode_vs2019\x64\release\lsystem.tlog\link.write.1.tlog
c:\users\dell\desktop\hw3_basecode_vs2019\x64\release\lsystem.tlog\lsystem.write.1u.tlog
